2025-01-23 11:35:02,603 [Worker-2: Loading available Gradle versions] INFO  o.e.b.c.i.u.g.PublishedGradleVersions - Gradle version information cache is not available. Remote download required.
2025-01-23 11:36:33,910 [Worker-43: Launching mavenrun-4deea470-1a95-47b1-a2d8-efe897161c6a] INFO  o.eclipse.m2e.core.internal.Bundles - getClasspathEntries(Bundle=org.eclipse.m2e.maven.runtime_3.9.900.20240824-1409 [638])
2025-01-23 11:36:33,915 [Worker-43: Launching mavenrun-4deea470-1a95-47b1-a2d8-efe897161c6a] INFO  o.eclipse.m2e.core.internal.Bundles - 	Entry: C:\Users\tessy\.p2\pool\plugins\org.eclipse.m2e.maven.runtime_3.9.900.20240824-1409
2025-01-23 11:36:33,916 [Worker-43: Launching mavenrun-4deea470-1a95-47b1-a2d8-efe897161c6a] INFO  o.eclipse.m2e.core.internal.Bundles - 	Entry: C:\Users\tessy\.p2\pool\plugins\org.eclipse.m2e.maven.runtime_3.9.900.20240824-1409\jars\aopalliance-1.0.jar
2025-01-23 11:36:33,916 [Worker-43: Launching mavenrun-4deea470-1a95-47b1-a2d8-efe897161c6a] INFO  o.eclipse.m2e.core.internal.Bundles - 	Entry: C:\Users\tessy\.p2\pool\plugins\org.eclipse.m2e.maven.runtime_3.9.900.20240824-1409\jars\guice-5.1.0.jar
2025-01-23 11:36:33,916 [Worker-43: Launching mavenrun-4deea470-1a95-47b1-a2d8-efe897161c6a] INFO  o.eclipse.m2e.core.internal.Bundles - 	Entry: C:\Users\tessy\.p2\pool\plugins\org.eclipse.m2e.maven.runtime_3.9.900.20240824-1409\jars\httpclient-4.5.14.jar
2025-01-23 11:36:33,916 [Worker-43: Launching mavenrun-4deea470-1a95-47b1-a2d8-efe897161c6a] INFO  o.eclipse.m2e.core.internal.Bundles - 	Entry: C:\Users\tessy\.p2\pool\plugins\org.eclipse.m2e.maven.runtime_3.9.900.20240824-1409\jars\httpcore-4.4.16.jar
2025-01-23 11:36:33,918 [Worker-43: Launching mavenrun-4deea470-1a95-47b1-a2d8-efe897161c6a] INFO  o.eclipse.m2e.core.internal.Bundles - 	Entry: C:\Users\tessy\.p2\pool\plugins\org.eclipse.m2e.maven.runtime_3.9.900.20240824-1409\jars\jansi-2.4.1.jar
2025-01-23 11:36:33,918 [Worker-43: Launching mavenrun-4deea470-1a95-47b1-a2d8-efe897161c6a] INFO  o.eclipse.m2e.core.internal.Bundles - 	Entry: C:\Users\tessy\.p2\pool\plugins\org.eclipse.m2e.maven.runtime_3.9.900.20240824-1409\jars\jcl-over-slf4j-1.7.36.jar
2025-01-23 11:36:33,918 [Worker-43: Launching mavenrun-4deea470-1a95-47b1-a2d8-efe897161c6a] INFO  o.eclipse.m2e.core.internal.Bundles - 	Entry: C:\Users\tessy\.p2\pool\plugins\org.eclipse.m2e.maven.runtime_3.9.900.20240824-1409\jars\maven-artifact-3.9.9.jar
2025-01-23 11:36:33,918 [Worker-43: Launching mavenrun-4deea470-1a95-47b1-a2d8-efe897161c6a] INFO  o.eclipse.m2e.core.internal.Bundles - 	Entry: C:\Users\tessy\.p2\pool\plugins\org.eclipse.m2e.maven.runtime_3.9.900.20240824-1409\jars\maven-builder-support-3.9.9.jar
2025-01-23 11:36:33,918 [Worker-43: Launching mavenrun-4deea470-1a95-47b1-a2d8-efe897161c6a] INFO  o.eclipse.m2e.core.internal.Bundles - 	Entry: C:\Users\tessy\.p2\pool\plugins\org.eclipse.m2e.maven.runtime_3.9.900.20240824-1409\jars\maven-compat-3.9.9.jar
2025-01-23 11:36:33,918 [Worker-43: Launching mavenrun-4deea470-1a95-47b1-a2d8-efe897161c6a] INFO  o.eclipse.m2e.core.internal.Bundles - 	Entry: C:\Users\tessy\.p2\pool\plugins\org.eclipse.m2e.maven.runtime_3.9.900.20240824-1409\jars\maven-core-3.9.9.jar
2025-01-23 11:36:33,919 [Worker-43: Launching mavenrun-4deea470-1a95-47b1-a2d8-efe897161c6a] INFO  o.eclipse.m2e.core.internal.Bundles - 	Entry: C:\Users\tessy\.p2\pool\plugins\org.eclipse.m2e.maven.runtime_3.9.900.20240824-1409\jars\maven-embedder-3.9.9.jar
2025-01-23 11:36:33,919 [Worker-43: Launching mavenrun-4deea470-1a95-47b1-a2d8-efe897161c6a] INFO  o.eclipse.m2e.core.internal.Bundles - 	Entry: C:\Users\tessy\.p2\pool\plugins\org.eclipse.m2e.maven.runtime_3.9.900.20240824-1409\jars\maven-model-3.9.9.jar
2025-01-23 11:36:33,919 [Worker-43: Launching mavenrun-4deea470-1a95-47b1-a2d8-efe897161c6a] INFO  o.eclipse.m2e.core.internal.Bundles - 	Entry: C:\Users\tessy\.p2\pool\plugins\org.eclipse.m2e.maven.runtime_3.9.900.20240824-1409\jars\maven-model-builder-3.9.9.jar
2025-01-23 11:36:33,919 [Worker-43: Launching mavenrun-4deea470-1a95-47b1-a2d8-efe897161c6a] INFO  o.eclipse.m2e.core.internal.Bundles - 	Entry: C:\Users\tessy\.p2\pool\plugins\org.eclipse.m2e.maven.runtime_3.9.900.20240824-1409\jars\maven-plugin-api-3.9.9.jar
2025-01-23 11:36:33,920 [Worker-43: Launching mavenrun-4deea470-1a95-47b1-a2d8-efe897161c6a] INFO  o.eclipse.m2e.core.internal.Bundles - 	Entry: C:\Users\tessy\.p2\pool\plugins\org.eclipse.m2e.maven.runtime_3.9.900.20240824-1409\jars\maven-repository-metadata-3.9.9.jar
2025-01-23 11:36:33,920 [Worker-43: Launching mavenrun-4deea470-1a95-47b1-a2d8-efe897161c6a] INFO  o.eclipse.m2e.core.internal.Bundles - 	Entry: C:\Users\tessy\.p2\pool\plugins\org.eclipse.m2e.maven.runtime_3.9.900.20240824-1409\jars\maven-resolver-api-1.9.22.jar
2025-01-23 11:36:33,920 [Worker-43: Launching mavenrun-4deea470-1a95-47b1-a2d8-efe897161c6a] INFO  o.eclipse.m2e.core.internal.Bundles - 	Entry: C:\Users\tessy\.p2\pool\plugins\org.eclipse.m2e.maven.runtime_3.9.900.20240824-1409\jars\maven-resolver-connector-basic-1.9.22.jar
2025-01-23 11:36:33,921 [Worker-43: Launching mavenrun-4deea470-1a95-47b1-a2d8-efe897161c6a] INFO  o.eclipse.m2e.core.internal.Bundles - 	Entry: C:\Users\tessy\.p2\pool\plugins\org.eclipse.m2e.maven.runtime_3.9.900.20240824-1409\jars\maven-resolver-impl-1.9.22.jar
2025-01-23 11:36:33,922 [Worker-43: Launching mavenrun-4deea470-1a95-47b1-a2d8-efe897161c6a] INFO  o.eclipse.m2e.core.internal.Bundles - 	Entry: C:\Users\tessy\.p2\pool\plugins\org.eclipse.m2e.maven.runtime_3.9.900.20240824-1409\jars\maven-resolver-named-locks-1.9.22.jar
2025-01-23 11:36:33,922 [Worker-43: Launching mavenrun-4deea470-1a95-47b1-a2d8-efe897161c6a] INFO  o.eclipse.m2e.core.internal.Bundles - 	Entry: C:\Users\tessy\.p2\pool\plugins\org.eclipse.m2e.maven.runtime_3.9.900.20240824-1409\jars\maven-resolver-provider-3.9.9.jar
2025-01-23 11:36:33,923 [Worker-43: Launching mavenrun-4deea470-1a95-47b1-a2d8-efe897161c6a] INFO  o.eclipse.m2e.core.internal.Bundles - 	Entry: C:\Users\tessy\.p2\pool\plugins\org.eclipse.m2e.maven.runtime_3.9.900.20240824-1409\jars\maven-resolver-spi-1.9.22.jar
2025-01-23 11:36:33,923 [Worker-43: Launching mavenrun-4deea470-1a95-47b1-a2d8-efe897161c6a] INFO  o.eclipse.m2e.core.internal.Bundles - 	Entry: C:\Users\tessy\.p2\pool\plugins\org.eclipse.m2e.maven.runtime_3.9.900.20240824-1409\jars\maven-resolver-transport-file-1.9.22.jar
2025-01-23 11:36:33,924 [Worker-43: Launching mavenrun-4deea470-1a95-47b1-a2d8-efe897161c6a] INFO  o.eclipse.m2e.core.internal.Bundles - 	Entry: C:\Users\tessy\.p2\pool\plugins\org.eclipse.m2e.maven.runtime_3.9.900.20240824-1409\jars\maven-resolver-transport-http-1.9.22.jar
2025-01-23 11:36:33,924 [Worker-43: Launching mavenrun-4deea470-1a95-47b1-a2d8-efe897161c6a] INFO  o.eclipse.m2e.core.internal.Bundles - 	Entry: C:\Users\tessy\.p2\pool\plugins\org.eclipse.m2e.maven.runtime_3.9.900.20240824-1409\jars\maven-resolver-transport-wagon-1.9.22.jar
2025-01-23 11:36:33,924 [Worker-43: Launching mavenrun-4deea470-1a95-47b1-a2d8-efe897161c6a] INFO  o.eclipse.m2e.core.internal.Bundles - 	Entry: C:\Users\tessy\.p2\pool\plugins\org.eclipse.m2e.maven.runtime_3.9.900.20240824-1409\jars\maven-resolver-util-1.9.22.jar
2025-01-23 11:36:33,925 [Worker-43: Launching mavenrun-4deea470-1a95-47b1-a2d8-efe897161c6a] INFO  o.eclipse.m2e.core.internal.Bundles - 	Entry: C:\Users\tessy\.p2\pool\plugins\org.eclipse.m2e.maven.runtime_3.9.900.20240824-1409\jars\maven-settings-3.9.9.jar
2025-01-23 11:36:33,925 [Worker-43: Launching mavenrun-4deea470-1a95-47b1-a2d8-efe897161c6a] INFO  o.eclipse.m2e.core.internal.Bundles - 	Entry: C:\Users\tessy\.p2\pool\plugins\org.eclipse.m2e.maven.runtime_3.9.900.20240824-1409\jars\maven-settings-builder-3.9.9.jar
2025-01-23 11:36:33,925 [Worker-43: Launching mavenrun-4deea470-1a95-47b1-a2d8-efe897161c6a] INFO  o.eclipse.m2e.core.internal.Bundles - 	Entry: C:\Users\tessy\.p2\pool\plugins\org.eclipse.m2e.maven.runtime_3.9.900.20240824-1409\jars\maven-shared-utils-3.4.2.jar
2025-01-23 11:36:33,925 [Worker-43: Launching mavenrun-4deea470-1a95-47b1-a2d8-efe897161c6a] INFO  o.eclipse.m2e.core.internal.Bundles - 	Entry: C:\Users\tessy\.p2\pool\plugins\org.eclipse.m2e.maven.runtime_3.9.900.20240824-1409\jars\org.eclipse.sisu.inject-0.9.0.M3.jar
2025-01-23 11:36:33,925 [Worker-43: Launching mavenrun-4deea470-1a95-47b1-a2d8-efe897161c6a] INFO  o.eclipse.m2e.core.internal.Bundles - 	Entry: C:\Users\tessy\.p2\pool\plugins\org.eclipse.m2e.maven.runtime_3.9.900.20240824-1409\jars\org.eclipse.sisu.plexus-0.9.0.M3.jar
2025-01-23 11:36:33,925 [Worker-43: Launching mavenrun-4deea470-1a95-47b1-a2d8-efe897161c6a] INFO  o.eclipse.m2e.core.internal.Bundles - 	Entry: C:\Users\tessy\.p2\pool\plugins\org.eclipse.m2e.maven.runtime_3.9.900.20240824-1409\jars\plexus-build-api-0.0.7.jar
2025-01-23 11:36:33,926 [Worker-43: Launching mavenrun-4deea470-1a95-47b1-a2d8-efe897161c6a] INFO  o.eclipse.m2e.core.internal.Bundles - 	Entry: C:\Users\tessy\.p2\pool\plugins\org.eclipse.m2e.maven.runtime_3.9.900.20240824-1409\jars\plexus-build-api-1.2.0.jar
2025-01-23 11:36:33,926 [Worker-43: Launching mavenrun-4deea470-1a95-47b1-a2d8-efe897161c6a] INFO  o.eclipse.m2e.core.internal.Bundles - 	Entry: C:\Users\tessy\.p2\pool\plugins\org.eclipse.m2e.maven.runtime_3.9.900.20240824-1409\jars\plexus-cipher-2.0.jar
2025-01-23 11:36:33,927 [Worker-43: Launching mavenrun-4deea470-1a95-47b1-a2d8-efe897161c6a] INFO  o.eclipse.m2e.core.internal.Bundles - 	Entry: C:\Users\tessy\.p2\pool\plugins\org.eclipse.m2e.maven.runtime_3.9.900.20240824-1409\jars\plexus-classworlds-2.8.0.jar
2025-01-23 11:36:33,928 [Worker-43: Launching mavenrun-4deea470-1a95-47b1-a2d8-efe897161c6a] INFO  o.eclipse.m2e.core.internal.Bundles - 	Entry: C:\Users\tessy\.p2\pool\plugins\org.eclipse.m2e.maven.runtime_3.9.900.20240824-1409\jars\plexus-component-annotations-2.1.0.jar
2025-01-23 11:36:33,929 [Worker-43: Launching mavenrun-4deea470-1a95-47b1-a2d8-efe897161c6a] INFO  o.eclipse.m2e.core.internal.Bundles - 	Entry: C:\Users\tessy\.p2\pool\plugins\org.eclipse.m2e.maven.runtime_3.9.900.20240824-1409\jars\plexus-interpolation-1.27.jar
2025-01-23 11:36:33,929 [Worker-43: Launching mavenrun-4deea470-1a95-47b1-a2d8-efe897161c6a] INFO  o.eclipse.m2e.core.internal.Bundles - 	Entry: C:\Users\tessy\.p2\pool\plugins\org.eclipse.m2e.maven.runtime_3.9.900.20240824-1409\jars\plexus-sec-dispatcher-2.0.jar
2025-01-23 11:36:33,931 [Worker-43: Launching mavenrun-4deea470-1a95-47b1-a2d8-efe897161c6a] INFO  o.eclipse.m2e.core.internal.Bundles - 	Entry: C:\Users\tessy\.p2\pool\plugins\org.eclipse.m2e.maven.runtime_3.9.900.20240824-1409\jars\plexus-utils-3.5.1.jar
2025-01-23 11:36:33,932 [Worker-43: Launching mavenrun-4deea470-1a95-47b1-a2d8-efe897161c6a] INFO  o.eclipse.m2e.core.internal.Bundles - 	Entry: C:\Users\tessy\.p2\pool\plugins\org.eclipse.m2e.maven.runtime_3.9.900.20240824-1409\jars\plexus-xml-3.0.1.jar
2025-01-23 11:36:33,932 [Worker-43: Launching mavenrun-4deea470-1a95-47b1-a2d8-efe897161c6a] INFO  o.eclipse.m2e.core.internal.Bundles - 	Entry: C:\Users\tessy\.p2\pool\plugins\org.eclipse.m2e.maven.runtime_3.9.900.20240824-1409\jars\wagon-file-3.5.3.jar
2025-01-23 11:36:33,932 [Worker-43: Launching mavenrun-4deea470-1a95-47b1-a2d8-efe897161c6a] INFO  o.eclipse.m2e.core.internal.Bundles - 	Entry: C:\Users\tessy\.p2\pool\plugins\org.eclipse.m2e.maven.runtime_3.9.900.20240824-1409\jars\wagon-http-3.5.3.jar
2025-01-23 11:36:33,932 [Worker-43: Launching mavenrun-4deea470-1a95-47b1-a2d8-efe897161c6a] INFO  o.eclipse.m2e.core.internal.Bundles - 	Entry: C:\Users\tessy\.p2\pool\plugins\org.eclipse.m2e.maven.runtime_3.9.900.20240824-1409\jars\wagon-http-shared-3.5.3.jar
2025-01-23 11:36:33,933 [Worker-43: Launching mavenrun-4deea470-1a95-47b1-a2d8-efe897161c6a] INFO  o.eclipse.m2e.core.internal.Bundles - 	Entry: C:\Users\tessy\.p2\pool\plugins\org.eclipse.m2e.maven.runtime_3.9.900.20240824-1409\jars\wagon-provider-api-3.5.3.jar
2025-01-23 11:36:33,937 [Worker-43: Launching mavenrun-4deea470-1a95-47b1-a2d8-efe897161c6a] INFO  o.eclipse.m2e.core.internal.Bundles - getClasspathEntries(Bundle=com.google.guava_33.3.1.jre [16])
2025-01-23 11:36:33,938 [Worker-43: Launching mavenrun-4deea470-1a95-47b1-a2d8-efe897161c6a] INFO  o.eclipse.m2e.core.internal.Bundles - 	Entry: C:\Users\tessy\.p2\pool\plugins\com.google.guava_33.3.1.jre.jar
2025-01-23 11:36:33,939 [Worker-43: Launching mavenrun-4deea470-1a95-47b1-a2d8-efe897161c6a] INFO  o.eclipse.m2e.core.internal.Bundles - getClasspathEntries(Bundle=slf4j.api_2.0.16 [1005])
2025-01-23 11:36:33,939 [Worker-43: Launching mavenrun-4deea470-1a95-47b1-a2d8-efe897161c6a] INFO  o.eclipse.m2e.core.internal.Bundles - 	Entry: C:\Users\tessy\.p2\pool\plugins\slf4j.api_2.0.16.jar
2025-01-23 11:36:33,940 [Worker-43: Launching mavenrun-4deea470-1a95-47b1-a2d8-efe897161c6a] INFO  o.eclipse.m2e.core.internal.Bundles - getClasspathEntries(Bundle=jakarta.inject.jakarta.inject-api_1.0.5 [34])
2025-01-23 11:36:33,940 [Worker-43: Launching mavenrun-4deea470-1a95-47b1-a2d8-efe897161c6a] INFO  o.eclipse.m2e.core.internal.Bundles - 	Entry: C:\Users\tessy\.p2\pool\plugins\jakarta.inject.jakarta.inject-api_1.0.5.jar
2025-01-23 11:36:33,941 [Worker-43: Launching mavenrun-4deea470-1a95-47b1-a2d8-efe897161c6a] INFO  o.eclipse.m2e.core.internal.Bundles - getClasspathEntries(Bundle=jakarta.annotation-api_1.3.5 [29])
2025-01-23 11:36:33,942 [Worker-43: Launching mavenrun-4deea470-1a95-47b1-a2d8-efe897161c6a] INFO  o.eclipse.m2e.core.internal.Bundles - 	Entry: C:\Users\tessy\.p2\pool\plugins\jakarta.annotation-api_1.3.5.jar
2025-01-23 11:36:33,943 [Worker-43: Launching mavenrun-4deea470-1a95-47b1-a2d8-efe897161c6a] INFO  o.eclipse.m2e.core.internal.Bundles - getClasspathEntries(Bundle=org.apache.commons.cli_1.9.0 [75])
2025-01-23 11:36:33,943 [Worker-43: Launching mavenrun-4deea470-1a95-47b1-a2d8-efe897161c6a] INFO  o.eclipse.m2e.core.internal.Bundles - 	Entry: C:\Users\tessy\.p2\pool\plugins\org.apache.commons.cli_1.9.0.jar
2025-01-23 11:36:33,943 [Worker-43: Launching mavenrun-4deea470-1a95-47b1-a2d8-efe897161c6a] INFO  o.eclipse.m2e.core.internal.Bundles - getClasspathEntries(Bundle=org.apache.commons.commons-codec_1.16.0 [78])
2025-01-23 11:36:33,944 [Worker-43: Launching mavenrun-4deea470-1a95-47b1-a2d8-efe897161c6a] INFO  o.eclipse.m2e.core.internal.Bundles - 	Entry: C:\Users\tessy\.p2\pool\plugins\org.apache.commons.commons-codec_1.16.0.jar
2025-01-23 11:36:33,944 [Worker-43: Launching mavenrun-4deea470-1a95-47b1-a2d8-efe897161c6a] INFO  o.eclipse.m2e.core.internal.Bundles - getClasspathEntries(Bundle=com.google.guava.failureaccess_1.0.2 [17])
2025-01-23 11:36:33,945 [Worker-43: Launching mavenrun-4deea470-1a95-47b1-a2d8-efe897161c6a] INFO  o.eclipse.m2e.core.internal.Bundles - 	Entry: C:\Users\tessy\.p2\pool\plugins\com.google.guava.failureaccess_1.0.2.jar
2025-01-23 11:36:33,956 [Worker-43: Launching mavenrun-4deea470-1a95-47b1-a2d8-efe897161c6a] INFO  o.e.m.i.launch.MavenLaunchDelegate - Run build in "C:\Users\tessy\AppData\Local\Temp\m2e-archetypeGenerator13702056650712768120":
2025-01-23 11:36:33,965 [Worker-43: Launching mavenrun-4deea470-1a95-47b1-a2d8-efe897161c6a] INFO  o.e.m.i.launch.MavenLaunchDelegate -  mvn  -DarchetypeGroupId=org.apache.maven.archetypes -DarchetypeArtifactId=maven-archetype-simple -DarchetypeVersion=1.5 -DgroupId=com.bptn -DartifactId=bptn-java -Dversion=0.0.1-SNAPSHOT -Dpackage=com.bptn.course -DoutputDirectory=C:\Users\tessy\OneDrive\Documents\Project\workspace-academy-java -B -Dstyle.color=always -U archetype:generate
2025-01-23 11:36:42,996 [Worker-44: Creating maven-archetype-simple] INFO  o.e.m.c.i.p.ProjectConfigurationManager - Collecting project info '/pom.xml' C:\Users\tessy\OneDrive\Documents\Project\workspace-academy-java\bptn-java\pom.xml
2025-01-23 11:36:44,249 [Worker-44: Creating maven-archetype-simple] INFO  o.e.m.c.i.l.LifecycleMappingFactory - Using org.eclipse.m2e.jdt.JarLifecycleMapping lifecycle mapping for MavenProject: com.bptn:bptn-java:0.0.1-SNAPSHOT @ C:\Users\tessy\OneDrive\Documents\Project\workspace-academy-java\bptn-java\pom.xml.
2025-01-23 11:36:45,915 [Worker-44: Creating maven-archetype-simple] INFO  o.e.m.j.i.AbstractJavaProjectConfigurator - Adding source folder /bptn-java/src/main/java
2025-01-23 11:36:45,918 [Worker-44: Creating maven-archetype-simple] INFO  o.e.m.j.i.AbstractJavaProjectConfigurator - Adding resource folder /bptn-java/src/main/resources
2025-01-23 11:36:45,926 [Worker-44: Creating maven-archetype-simple] INFO  o.e.m.j.i.AbstractJavaProjectConfigurator - Adding source folder /bptn-java/src/test/java
2025-01-23 11:36:45,930 [Worker-44: Creating maven-archetype-simple] INFO  o.e.m.j.i.AbstractJavaProjectConfigurator - Adding resource folder /bptn-java/src/test/resources
2025-01-23 11:36:46,133 [Worker-44: Creating maven-archetype-simple] INFO  o.e.m.c.i.p.ProjectConfigurationManager - Imported and configured 1 project(s) in 3 sec
2025-01-23 11:36:48,048 [Worker-45: Building] INFO  o.a.m.s.f.DefaultMavenResourcesFiltering - skip non existing resourceDirectory C:\Users\tessy\OneDrive\Documents\Project\workspace-academy-java\bptn-java\src\main\resources
2025-01-23 11:36:48,057 [Worker-45: Building] INFO  o.a.m.s.f.DefaultMavenResourcesFiltering - skip non existing resourceDirectory C:\Users\tessy\OneDrive\Documents\Project\workspace-academy-java\bptn-java\src\test\resources
2025-01-23 11:38:17,804 [Worker-45: Building] INFO  o.e.m.c.i.l.LifecycleMappingFactory - Using org.eclipse.m2e.jdt.JarLifecycleMapping lifecycle mapping for MavenProject: com.bptn:bptn-java:0.0.1-SNAPSHOT @ C:\Users\tessy\OneDrive\Documents\Project\workspace-academy-java\bptn-java\pom.xml.
2025-01-23 11:38:18,066 [Worker-45: Building] INFO  o.a.m.s.f.DefaultMavenResourcesFiltering - skip non existing resourceDirectory C:\Users\tessy\OneDrive\Documents\Project\workspace-academy-java\bptn-java\src\main\resources
2025-01-23 11:38:18,074 [Worker-45: Building] INFO  o.a.m.s.f.DefaultMavenResourcesFiltering - skip non existing resourceDirectory C:\Users\tessy\OneDrive\Documents\Project\workspace-academy-java\bptn-java\src\test\resources
